# Pipeline SABO — execução 20260423_102956
# Início: 2026-04-23T10:29:56.545791
# Comando: run_pipeline.py --step 5

Log desta execução: history/logs/run_20260423_102956.log

======================================================================
ETAPA 5: VALIDAÇÃO E AVALIAÇÃO
Descrição: Métricas R², MSE, MAE + Seleção
Entradas:  models/*.joblib, train_test_split.npz
Saídas:    best_model.joblib, evaluation_report.txt
======================================================================
============================================================
ETAPA 5: VALIDAÇÃO E AVALIAÇÃO
(Conforme fluxos.drawio)
============================================================

[1/5] Carregando dados de teste (20%)...
  Carregado: 8216 amostras de teste, 22 features

[2/5] Carregando modelos treinados...
  ✓ Carregado: linear
  ✓ Carregado: decision_tree
  ✓ Carregado: xgboost
  ✓ Carregado: random_forest

----------------------------------------
TESTE NOS 20% DE DADOS
----------------------------------------

[3/5] Calculando métricas (R², MSE, MAE)...

  Avaliando linear...
    R²:   0.1054
    MSE:  22703.10
    MAE:  123.21
    RMSE: 150.68

  Avaliando decision_tree...
    R²:   0.3925
    MSE:  15415.72
    MAE:  100.17
    RMSE: 124.16

  Avaliando xgboost...
    R²:   0.6737
    MSE:  8281.18
    MAE:  67.00
    RMSE: 91.00

  Avaliando random_forest...
    R²:   0.4807
    MSE:  13178.66
    MAE:  91.62
    RMSE: 114.80

----------------------------------------
COMPARAÇÃO DE DESEMPENHO
----------------------------------------

============================================================
RANKING DOS MODELOS (por R²)
============================================================

Rank   Modelo               R²         MSE          MAE         
------------------------------------------------------------
1      xgboost              0.6737     8281.18      67.00        
2      random_forest        0.4807     13178.66     91.62        
3      decision_tree        0.3925     15415.72     100.17       
4      linear               0.1054     22703.10     123.21       

[4/5] Selecionando melhor modelo...

  ★ Melhor modelo: XGBOOST
    R²:   0.6737
    MSE:  8281.18
    MAE:  67.00

============================================================
RANKING DOS MODELOS (por R²)
============================================================

Rank   Modelo               R²         MSE          MAE         
------------------------------------------------------------
1      xgboost              0.6737     8281.18      67.00        ★ MELHOR
2      random_forest        0.4807     13178.66     91.62        
3      decision_tree        0.3925     15415.72     100.17       
4      linear               0.1054     22703.10     123.21       

[5/5] Salvando resultados...
  ✓ Melhor modelo salvo: best_model.joblib
  ✓ Relatório salvo: evaluation_report.txt

============================================================
ETAPA 5 CONCLUÍDA
============================================================

Melhor modelo: XGBOOST
  R²:  0.6737
  MSE: 8281.18
  MAE: 67.00

Arquivos gerados:
  - best_model.joblib
  - evaluation_report.txt

📊 Histórico registrado para: s05_evaluation
   Melhor modelo: xgboost (MSE: 8281.1816)
📄 Relatório salvo: history/reports/report_20260423_102956.txt

✅ Execução salva: history/runs/run_20260423_102956.json
