# Pipeline SABO — execução 20260423_133757
# Início: 2026-04-23T13:37:57.917671
# Comando: run_pipeline.py --step 3

Log desta execução: history/logs/run_20260423_133757.log

======================================================================
ETAPA 3: ANÁLISE EXPLORATÓRIA (EDA)
Descrição: Estatísticas, Gráficos, Correlação
Entradas:  data_preprocessed.csv
Saídas:    data_eda.csv, eda_report.txt, eda_plots/
======================================================================
============================================================
ETAPA 3: ANÁLISE EXPLORATÓRIA DE DADOS (EDA)
(Conforme fluxos.drawio)
============================================================

[1/5] Carregando dados pré-processados...
  Carregado: 13874 registros, 92 colunas

----------------------------------------
CÁLCULO DE ESTATÍSTICAS
----------------------------------------

[2/5] Média, Desvio Padrão, Quartis...

  Calculando estatísticas descritivas...
  ✓ Estatísticas calculadas para 30 colunas numéricas

----------------------------------------
GRÁFICOS DE DISTRIBUIÇÃO
----------------------------------------

[3/5] Histogramas e Boxplots...

  Gerando histogramas...
  ✓ Histogramas salvos: eda_plots/histogramas.png

  Gerando boxplots...
  ✓ Boxplots salvos: eda_plots/boxplots.png

----------------------------------------
ANÁLISE DE CORRELAÇÃO
----------------------------------------

[4/5] Heatmaps e Dispersão...

  Calculando matriz de correlação...

  Top 10 correlações com 'Manutencao':
    dias_desde_ultima_manutencao: -0.4668
    intervalo_manutencao: 0.3889
    dias_desde_penultima_manutencao: -0.3744
    dias_desde_epoch: -0.3387
    Consumo_de_massa_no_item_em_Kg_100pçs_Acumulado: -0.1857
    mes: 0.1196
    dia_do_ano: 0.1135
    Qtd_Produzida_Acumulado: -0.1131
    fuso_min: -0.0828
    desgaste_fuso: 0.0828

  Gerando heatmap de correlação...
  ✓ Heatmap salvo: eda_plots/heatmap_correlacao.png

  Gerando gráficos de dispersão...
  ✓ Dispersão salvo: eda_plots/dispersao_target.png

----------------------------------------
INSIGHTS
----------------------------------------

[5/5] Gerando insights automáticos...
  1. Dataset contém 13874 registros e 92 features.
  2. Variável target 'Manutencao': média de 252.3 dias, variando de 0 a 975 dias.
  3. Atenção: 10 colunas com >5% de outliers: Qtd_Produzida, Qtd_Refugada, Fator_Un, Consumo_de_massa_no_item_em_Kg_100pçs, Qtd_Produzida_Acumulado
  ✓ Relatório salvo: eda_report.txt

============================================================
ETAPA 3 CONCLUÍDA
============================================================

Arquivos gerados:
  - data_eda.csv (dados para modelagem)
  - eda_report.txt (relatório estatístico)
  - 4 gráficos em eda_plots/

📊 Histórico registrado para: s03_eda
📄 Relatório salvo: history/reports/report_20260423_133757.txt

✅ Execução salva: history/runs/run_20260423_133757.json
