# Pipeline SABO — execução 20260423_122336
# Início: 2026-04-23T12:23:36.705948
# Comando: run_pipeline.py --step 5

Log desta execução: history/logs/run_20260423_122336.log

======================================================================
ETAPA 5: VALIDAÇÃO E AVALIAÇÃO
Descrição: Métricas R², MSE, MAE + Seleção
Entradas:  models/*.joblib, train_test_split.npz
Saídas:    best_model.joblib, evaluation_report.txt
======================================================================
============================================================
ETAPA 5: VALIDAÇÃO E AVALIAÇÃO
(Conforme fluxos.drawio)
============================================================

[1/5] Carregando dados de teste (20%)...
  Carregado: 8216 amostras de teste, 28 features

[2/5] Carregando modelos treinados...
  ✓ Carregado: linear
  ✓ Carregado: decision_tree
  ✓ Carregado: xgboost
  ✓ Carregado: random_forest

----------------------------------------
TESTE NOS 20% DE DADOS
----------------------------------------

[3/5] Calculando métricas (R², MSE, MAE)...

  Avaliando linear...
    R²:   0.2918
    MSE:  17972.89
    MAE:  111.85
    RMSE: 134.06

  Avaliando decision_tree...
    R²:   0.6123
    MSE:  9839.14
    MAE:  71.81
    RMSE: 99.19

  Avaliando xgboost...
    R²:   0.8340
    MSE:  4212.65
    MAE:  38.47
    RMSE: 64.90

  Avaliando random_forest...
    R²:   0.6995
    MSE:  7624.76
    MAE:  59.43
    RMSE: 87.32

----------------------------------------
COMPARAÇÃO DE DESEMPENHO
----------------------------------------

============================================================
RANKING DOS MODELOS (por R²)
============================================================

Rank   Modelo               R²         MSE          MAE         
------------------------------------------------------------
1      xgboost              0.8340     4212.65      38.47        
2      random_forest        0.6995     7624.76      59.43        
3      decision_tree        0.6123     9839.14      71.81        
4      linear               0.2918     17972.89     111.85       

[4/5] Selecionando melhor modelo...

  ★ Melhor modelo: XGBOOST
    R²:   0.8340
    MSE:  4212.65
    MAE:  38.47

============================================================
RANKING DOS MODELOS (por R²)
============================================================

Rank   Modelo               R²         MSE          MAE         
------------------------------------------------------------
1      xgboost              0.8340     4212.65      38.47        ★ MELHOR
2      random_forest        0.6995     7624.76      59.43        
3      decision_tree        0.6123     9839.14      71.81        
4      linear               0.2918     17972.89     111.85       

[5/5] Salvando resultados...
  ✓ Melhor modelo salvo: best_model.joblib
  ✓ Relatório salvo: evaluation_report.txt

============================================================
ETAPA 5 CONCLUÍDA
============================================================

Melhor modelo: XGBOOST
  R²:  0.8340
  MSE: 4212.65
  MAE: 38.47

Arquivos gerados:
  - best_model.joblib
  - evaluation_report.txt

📊 Histórico registrado para: s05_evaluation
   Melhor modelo: xgboost (MSE: 4212.6504)
📄 Relatório salvo: history/reports/report_20260423_122336.txt

✅ Execução salva: history/runs/run_20260423_122336.json
